<?xml version="1.0" encoding="UTF-8"?>
<!-- Generated by org.testng.reporters.JUnitReportReporter -->
<testsuite hostname="DESKTOP-I75RT8S" failures="0" tests="5" name="trello.trellodatadriven" time="13.087" errors="0" timestamp="2023-09-16T16:03:40 IST" skipped="4">
  <testcase classname="trello.trellodatadriven" name="datadriven" time="13.087"/>
  <testcase classname="trello.trellodatadriven" name="update_a_board">
    <skipped/>
  </testcase> <!-- update_a_board -->
  <testcase classname="trello.trellodatadriven" name="get_a_board">
    <skipped/>
  </testcase> <!-- get_a_board -->
  <testcase classname="trello.trellodatadriven" name="delete_a_board">
    <skipped/>
  </testcase> <!-- delete_a_board -->
  <testcase classname="trello.trellodatadriven" name="create_a_board">
    <skipped/>
  </testcase> <!-- create_a_board -->
</testsuite> <!-- trello.trellodatadriven -->
